model-1579334766,1579334770.396,0.38,0.2504,0.44,0.5275,0
model-1579334766,1579334773.664,0.55,0.4202,0.44,0.2514,0
model-1579334766,1579334776.788,0.47,0.2506,0.56,0.2466,0
model-1579334766,1579334780.239,0.52,0.2536,0.56,0.247,0
model-1579334766,1579334782.917,0.52,0.2505,0.56,0.248,0
model-1579334766,1579334785.95,0.53,0.2492,0.56,0.2479,0
model-1579334766,1579334788.748,0.6,0.2459,0.56,0.2466,0
model-1579334766,1579334791.741,0.55,0.2476,0.56,0.2464,0
model-1579334766,1579334794.739,0.56,0.2459,0.56,0.2465,0
model-1579334766,1579334797.545,0.52,0.2532,0.56,0.2459,0
model-1579334766,1579334800.342,0.55,0.2473,0.56,0.246,0
model-1579334766,1579334803.029,0.48,0.2528,0.56,0.247,0
model-1579334766,1579334806.298,0.49,0.2506,0.56,0.2488,0
model-1579334766,1579334809.02,0.51,0.2499,0.47,0.2502,0
model-1579334766,1579334811.811,0.57,0.2495,0.44,0.252,0
model-1579334766,1579334814.904,0.45,0.2506,0.44,0.252,0
model-1579334766,1579334817.834,0.52,0.2491,0.44,0.2527,0
model-1579334766,1579334820.474,0.47,0.2511,0.44,0.2511,0
model-1579334766,1579334821.772,0.51,0.2501,0.47,0.25,0
model-1579334766,1579334824.545,0.55,0.2492,0.44,0.2502,1
model-1579334766,1579334827.207,0.55,0.2487,0.44,0.2513,1
model-1579334766,1579334829.861,0.47,0.2495,0.44,0.2519,1
model-1579334766,1579334832.662,0.48,0.2509,0.44,0.2509,1
model-1579334766,1579334835.491,0.48,0.2494,0.5,0.2496,1
model-1579334766,1579334838.585,0.47,0.2501,0.66,0.2488,1
model-1579334766,1579334841.249,0.63,0.249,0.59,0.2483,1
model-1579334766,1579334843.914,0.55,0.2491,0.59,0.2475,1
model-1579334766,1579334846.577,0.58,0.2485,0.59,0.2466,1
model-1579334766,1579334849.388,0.5,0.2495,0.62,0.2463,1
model-1579334766,1579334852.821,0.54,0.2486,0.59,0.2451,1
model-1579334766,1579334856.305,0.47,0.2493,0.69,0.2453,1
model-1579334766,1579334859.51,0.52,0.2483,0.5,0.2461,1
model-1579334766,1579334862.511,0.49,0.2521,0.53,0.2472,1
model-1579334766,1579334865.301,0.64,0.2448,0.47,0.252,1
model-1579334766,1579334868.663,0.45,0.2501,0.5,0.2492,1
model-1579334766,1579334871.739,0.54,0.2453,0.53,0.2453,1
model-1579334766,1579334874.824,0.54,0.2475,0.59,0.2402,1
model-1579334766,1579334876.004,0.46,0.2488,0.62,0.2388,1
model-1579334766,1579334879.146,0.45,0.2529,0.53,0.2427,2
model-1579334766,1579334882.353,0.64,0.244,0.5,0.253,2
model-1579334766,1579334885.534,0.48,0.2476,0.5,0.252,2
model-1579334766,1579334888.535,0.5,0.2527,0.56,0.2441,2
model-1579334766,1579334891.437,0.5,0.2462,0.62,0.2401,2
model-1579334766,1579334894.26,0.52,0.2478,0.56,0.2396,2
model-1579334766,1579334897.612,0.63,0.2385,0.59,0.2396,2
model-1579334766,1579334900.974,0.55,0.244,0.56,0.2398,2
model-1579334766,1579334904.15,0.56,0.2447,0.56,0.2393,2
model-1579334766,1579334907.214,0.52,0.2518,0.56,0.2387,2
model-1579334766,1579334910.57,0.55,0.2448,0.56,0.2377,2
model-1579334766,1579334914.308,0.48,0.2512,0.59,0.2365,2
model-1579334766,1579334917.61,0.49,0.2459,0.62,0.2356,2
model-1579334766,1579334920.698,0.52,0.2486,0.59,0.2369,2
model-1579334766,1579334923.357,0.68,0.2403,0.66,0.2405,2
model-1579334766,1579334926.038,0.58,0.2407,0.66,0.2409,2
model-1579334766,1579334928.732,0.59,0.238,0.69,0.2388,2
model-1579334766,1579334931.401,0.6,0.2427,0.53,0.2316,2
model-1579334766,1579334932.503,0.49,0.2338,0.62,0.23,2
model-1579334766,1579334935.179,0.64,0.2374,0.62,0.238,3
model-1579334766,1579334937.907,0.64,0.2285,0.53,0.2422,3
model-1579334766,1579334940.578,0.59,0.2362,0.66,0.2241,3
model-1579334766,1579334943.304,0.64,0.228,0.62,0.2202,3
model-1579334766,1579334945.98,0.6,0.2336,0.59,0.2278,3
model-1579334766,1579334948.67,0.6,0.2348,0.56,0.2236,3
model-1579334766,1579334951.326,0.66,0.2046,0.62,0.217,3
model-1579334766,1579334954.456,0.69,0.2202,0.69,0.2125,3
model-1579334766,1579334958.004,0.64,0.2199,0.72,0.2096,3
model-1579334766,1579334961.1,0.64,0.2316,0.72,0.207,3
model-1579334766,1579334964.162,0.63,0.2256,0.62,0.2051,3
model-1579334766,1579334967.91,0.72,0.2026,0.69,0.1996,3
model-1579334766,1579334971.476,0.65,0.2114,0.72,0.1954,3
model-1579334766,1579334974.787,0.61,0.2377,0.69,0.1916,3
model-1579334766,1579334977.932,0.7,0.1946,0.69,0.1908,3
model-1579334766,1579334981.235,0.71,0.1982,0.81,0.1825,3
model-1579334766,1579334984.219,0.66,0.2036,0.78,0.1773,3
model-1579334766,1579334987.41,0.68,0.2169,0.78,0.1726,3
model-1579334766,1579334988.527,0.71,0.1488,0.78,0.1644,3
model-1579334766,1579334991.469,0.72,0.197,0.62,0.1918,4
model-1579334766,1579334994.907,0.69,0.2034,0.81,0.1636,4
model-1579334766,1579334998.087,0.76,0.1892,0.72,0.177,4
model-1579334766,1579335001.13,0.66,0.2103,0.72,0.1822,4
model-1579334766,1579335004.346,0.63,0.2347,0.88,0.1602,4
model-1579334766,1579335007.688,0.67,0.2109,0.81,0.1687,4
model-1579334766,1579335011.222,0.75,0.1764,0.81,0.1713,4
model-1579334766,1579335014.147,0.76,0.1851,0.81,0.1836,4
model-1579334766,1579335017.872,0.69,0.1895,0.59,0.1984,4
model-1579334766,1579335021.134,0.64,0.2091,0.72,0.1925,4
model-1579334766,1579335024.329,0.72,0.2059,0.72,0.1933,4
model-1579334766,1579335027.669,0.82,0.1734,0.78,0.1992,4
model-1579334766,1579335030.731,0.71,0.1953,0.72,0.2008,4
model-1579334766,1579335034.111,0.62,0.2323,0.75,0.1939,4
model-1579334766,1579335037.19,0.75,0.1825,0.72,0.1879,4
model-1579334766,1579335040.444,0.77,0.1813,0.66,0.1813,4
model-1579334766,1579335043.819,0.7,0.1894,0.75,0.174,4
model-1579334766,1579335047.14,0.67,0.2049,0.81,0.1673,4
model-1579334766,1579335048.565,0.74,0.1375,0.78,0.1635,4
model-1579334766,1579335052.309,0.77,0.1682,0.81,0.1798,5
model-1579334766,1579335056.17,0.75,0.1816,0.69,0.1944,5
model-1579334766,1579335059.565,0.69,0.1941,0.84,0.1513,5
model-1579334766,1579335062.829,0.77,0.1673,0.75,0.1661,5
model-1579334766,1579335066.278,0.67,0.2003,0.66,0.1799,5
model-1579334766,1579335069.361,0.64,0.2078,0.72,0.1746,5
model-1579334766,1579335072.633,0.76,0.1583,0.75,0.1614,5
model-1579334766,1579335076.105,0.81,0.1628,0.81,0.1568,5
model-1579334766,1579335079.652,0.7,0.1709,0.84,0.1597,5
model-1579334766,1579335083.153,0.73,0.1675,0.84,0.1592,5
model-1579334766,1579335086.595,0.68,0.1887,0.81,0.1561,5
model-1579334766,1579335089.547,0.81,0.1388,0.78,0.1534,5
model-1579334766,1579335092.629,0.77,0.1609,0.75,0.1561,5
model-1579334766,1579335095.317,0.65,0.2076,0.78,0.1574,5
model-1579334766,1579335098.062,0.79,0.1646,0.78,0.1522,5
model-1579334766,1579335100.758,0.75,0.1596,0.78,0.1499,5
model-1579334766,1579335103.469,0.78,0.1572,0.81,0.1525,5
model-1579334766,1579335106.211,0.75,0.1862,0.84,0.1556,5
model-1579334766,1579335107.57,0.86,0.1115,0.81,0.1487,5
model-1579334766,1579335110.79,0.78,0.1615,0.81,0.1481,6
model-1579334766,1579335114.005,0.76,0.1706,0.84,0.1452,6
model-1579334766,1579335117.171,0.8,0.1403,0.84,0.1371,6
model-1579334766,1579335120.111,0.77,0.1484,0.81,0.143,6
model-1579334766,1579335123.391,0.78,0.1611,0.81,0.1458,6
model-1579334766,1579335126.6,0.75,0.1765,0.81,0.1447,6
model-1579334766,1579335129.63,0.83,0.1404,0.81,0.1434,6
model-1579334766,1579335132.91,0.79,0.1602,0.81,0.1406,6
model-1579334766,1579335135.771,0.75,0.1429,0.81,0.1422,6
model-1579334766,1579335138.912,0.83,0.1387,0.84,0.1387,6
model-1579334766,1579335141.627,0.75,0.1679,0.88,0.1374,6
model-1579334766,1579335144.323,0.82,0.1236,0.81,0.1366,6
model-1579334766,1579335147.012,0.81,0.14,0.84,0.138,6
model-1579334766,1579335149.691,0.71,0.1953,0.81,0.1432,6
model-1579334766,1579335152.448,0.81,0.1426,0.78,0.1427,6
model-1579334766,1579335155.133,0.78,0.1364,0.81,0.1388,6
model-1579334766,1579335157.837,0.84,0.143,0.84,0.1352,6
model-1579334766,1579335160.525,0.81,0.1639,0.84,0.1529,6
model-1579334766,1579335161.628,0.91,0.0907,0.84,0.1407,6
model-1579334766,1579335164.691,0.81,0.1418,0.81,0.1409,7
model-1579334766,1579335167.97,0.8,0.1554,0.81,0.1341,7
model-1579334766,1579335171.423,0.81,0.1206,0.84,0.132,7
model-1579334766,1579335174.956,0.81,0.1255,0.81,0.1424,7
model-1579334766,1579335178.508,0.83,0.1344,0.81,0.1349,7
model-1579334766,1579335181.779,0.78,0.1511,0.81,0.1382,7
model-1579334766,1579335184.538,0.84,0.1247,0.78,0.1407,7
model-1579334766,1579335187.249,0.82,0.1433,0.81,0.1395,7
model-1579334766,1579335189.922,0.83,0.1183,0.78,0.1429,7
model-1579334766,1579335193.054,0.84,0.1192,0.88,0.1308,7
model-1579334766,1579335196.65,0.79,0.1534,0.88,0.1228,7
model-1579334766,1579335200.036,0.82,0.112,0.88,0.123,7
model-1579334766,1579335203.343,0.86,0.1181,0.91,0.1192,7
model-1579334766,1579335206.621,0.77,0.161,0.88,0.1261,7
model-1579334766,1579335209.943,0.83,0.1212,0.84,0.1271,7
model-1579334766,1579335212.707,0.84,0.1163,0.88,0.121,7
model-1579334766,1579335215.417,0.85,0.1204,0.88,0.1234,7
model-1579334766,1579335218.118,0.81,0.1515,0.75,0.1579,7
model-1579334766,1579335219.24,0.91,0.0664,0.81,0.1454,7
model-1579334766,1579335222.47,0.84,0.1234,0.84,0.1325,8
model-1579334766,1579335225.45,0.84,0.1299,0.91,0.1172,8
model-1579334766,1579335229.147,0.85,0.0948,0.88,0.1217,8
model-1579334766,1579335232.534,0.89,0.1102,0.84,0.1252,8
model-1579334766,1579335235.878,0.88,0.1092,0.88,0.1212,8
model-1579334766,1579335239.128,0.8,0.1236,0.88,0.1289,8
model-1579334766,1579335243.063,0.85,0.1079,0.81,0.1357,8
model-1579334766,1579335246.429,0.84,0.1285,0.81,0.1357,8
model-1579334766,1579335249.802,0.87,0.0979,0.88,0.1298,8
model-1579334766,1579335253.03,0.87,0.0931,0.88,0.1204,8
model-1579334766,1579335256.476,0.81,0.1414,0.91,0.1124,8
model-1579334766,1579335260.166,0.88,0.0935,0.88,0.111,8
model-1579334766,1579335263.289,0.88,0.0862,0.88,0.1118,8
model-1579334766,1579335266.613,0.81,0.1339,0.91,0.115,8
model-1579334766,1579335269.821,0.88,0.106,0.91,0.1163,8
model-1579334766,1579335272.954,0.91,0.0864,0.91,0.1157,8
model-1579334766,1579335275.906,0.89,0.0934,0.88,0.1174,8
model-1579334766,1579335278.598,0.87,0.1263,0.75,0.1542,8
model-1579334766,1579335279.82,0.94,0.0424,0.69,0.173,8
model-1579334766,1579335283.368,0.85,0.1061,0.81,0.1435,9
model-1579334766,1579335287.131,0.83,0.1123,0.91,0.1259,9
model-1579334766,1579335290.595,0.9,0.0764,0.78,0.1418,9
model-1579334766,1579335293.669,0.9,0.0958,0.81,0.1379,9
model-1579334766,1579335296.796,0.93,0.0868,0.88,0.1309,9
model-1579334766,1579335300.159,0.91,0.0976,0.81,0.1438,9
model-1579334766,1579335303.936,0.87,0.0961,0.78,0.1489,9
model-1579334766,1579335306.776,0.88,0.1071,0.81,0.1414,9
model-1579334766,1579335309.511,0.9,0.0761,0.84,0.1331,9
model-1579334766,1579335312.191,0.94,0.0646,0.88,0.121,9
model-1579334766,1579335314.898,0.85,0.1183,0.91,0.1083,9
model-1579334766,1579335317.669,0.91,0.0752,0.94,0.1013,9
model-1579334766,1579335320.361,0.88,0.0765,0.91,0.1015,9
model-1579334766,1579335323.026,0.84,0.1047,0.88,0.1086,9
model-1579334766,1579335325.731,0.88,0.0917,0.88,0.1151,9
model-1579334766,1579335328.46,0.94,0.0686,0.88,0.1175,9
model-1579334766,1579335331.227,0.9,0.0751,0.88,0.1206,9
model-1579334766,1579335333.91,0.86,0.1188,0.81,0.1409,9
model-1579334766,1579335335.007,0.97,0.0286,0.78,0.1558,9
model-1579336059,1579336060.054,0.3,0.2544,0.47,0.4053,0
model-1579336059,1579336060.211,0.56,0.3489,0.47,0.2547,0
model-1579336059,1579336060.364,0.6,0.2431,0.47,0.2519,0
model-1579336059,1579336060.517,0.4,0.2551,0.53,0.2494,0
model-1579336059,1579336060.664,0.58,0.2481,0.53,0.2489,0
model-1579336059,1579336060.813,0.38,0.258,0.53,0.2493,0
model-1579336059,1579336060.96,0.46,0.2516,0.53,0.2497,0
model-1579336059,1579336061.109,0.44,0.251,0.47,0.2505,0
model-1579336059,1579336061.256,0.52,0.2496,0.47,0.254,0
model-1579336059,1579336061.405,0.54,0.2498,0.47,0.2522,0
model-1579336059,1579336061.556,0.48,0.2522,0.47,0.2505,0
model-1579336059,1579336061.708,0.56,0.2491,0.47,0.2507,0
model-1579336059,1579336061.855,0.42,0.2516,0.47,0.2506,0
model-1579336059,1579336062.003,0.5,0.2503,0.47,0.2504,0
model-1579336059,1579336062.149,0.48,0.2503,0.47,0.25,0
model-1579336059,1579336062.297,0.5,0.2499,0.53,0.2497,0
model-1579336059,1579336062.444,0.5,0.25,0.53,0.2495,0
model-1579336059,1579336062.592,0.5,0.2498,0.53,0.2492,0
model-1579336059,1579336062.743,0.48,0.2504,0.53,0.2492,0
model-1579336059,1579336062.892,0.54,0.2488,0.53,0.249,0
model-1579336059,1579336063.049,0.48,0.2501,0.53,0.2489,0
model-1579336059,1579336063.209,0.6,0.2471,0.53,0.2484,0
model-1579336059,1579336063.37,0.54,0.2481,0.53,0.248,0
model-1579336059,1579336063.526,0.54,0.2479,0.53,0.248,0
model-1579336059,1579336063.675,0.56,0.244,0.53,0.249,0
model-1579336059,1579336063.827,0.42,0.2632,0.53,0.2481,0
model-1579336059,1579336063.976,0.44,0.26,0.53,0.2477,0
model-1579336059,1579336064.124,0.58,0.2445,0.53,0.2479,0
model-1579336059,1579336064.281,0.54,0.2476,0.53,0.2482,0
model-1579336059,1579336064.441,0.54,0.2468,0.53,0.2484,0
model-1579336059,1579336064.599,0.44,0.2528,0.53,0.2487,0
model-1579336059,1579336064.757,0.34,0.2534,0.5,0.2492,0
model-1579336059,1579336064.915,0.56,0.249,0.66,0.2496,0
model-1579336059,1579336065.075,0.62,0.2495,0.59,0.2497,0
model-1579336059,1579336065.236,0.56,0.2499,0.5,0.2498,0
model-1579336059,1579336065.394,0.56,0.2498,0.5,0.2499,0
model-1579336059,1579336065.519,0.51,0.2498,0.47,0.25,0
model-1579336059,1579336065.671,0.7,0.2492,0.47,0.2501,1
model-1579336059,1579336065.82,0.56,0.2496,0.47,0.2502,1
model-1579336059,1579336065.969,0.6,0.2493,0.47,0.2502,1
model-1579336059,1579336066.118,0.4,0.2509,0.47,0.2502,1
model-1579336059,1579336066.266,0.42,0.2509,0.47,0.25,1
model-1579336059,1579336066.415,0.62,0.2487,0.47,0.2499,1
model-1579336059,1579336066.566,0.54,0.2492,0.47,0.2502,1
model-1579336059,1579336066.726,0.56,0.2485,0.47,0.2529,1
model-1579336059,1579336066.887,0.52,0.2506,0.47,0.255,1
model-1579336059,1579336067.048,0.54,0.2468,0.47,0.2543,1
model-1579336059,1579336067.206,0.48,0.2527,0.47,0.2506,1
model-1579336059,1579336067.362,0.56,0.2474,0.47,0.2497,1
model-1579336059,1579336067.505,0.42,0.2527,0.47,0.2498,1
model-1579336059,1579336067.647,0.5,0.2494,0.47,0.2501,1
model-1579336059,1579336067.79,0.48,0.2503,0.47,0.2502,1
model-1579336059,1579336067.932,0.5,0.25,0.47,0.2503,1
model-1579336059,1579336068.075,0.5,0.2501,0.47,0.2502,1
model-1579336059,1579336068.217,0.5,0.2498,0.47,0.2502,1
model-1579336059,1579336068.371,0.52,0.2498,0.47,0.2501,1
model-1579336059,1579336068.531,0.46,0.2503,0.47,0.2501,1
model-1579336059,1579336068.692,0.52,0.2497,0.47,0.25,1
model-1579336059,1579336068.852,0.4,0.2513,0.47,0.2499,1
model-1579336059,1579336069.012,0.46,0.2502,0.44,0.2497,1
model-1579336059,1579336069.156,0.46,0.2501,0.59,0.2494,1
model-1579336059,1579336069.3,0.54,0.2494,0.69,0.2489,1
model-1579336059,1579336069.442,0.56,0.2487,0.56,0.2483,1
model-1579336059,1579336069.584,0.52,0.2503,0.59,0.248,1
model-1579336059,1579336069.726,0.62,0.247,0.56,0.2473,1
model-1579336059,1579336069.869,0.54,0.2466,0.5,0.2466,1
model-1579336059,1579336070.012,0.56,0.241,0.53,0.2472,1
model-1579336059,1579336070.17,0.44,0.2715,0.56,0.2459,1
model-1579336059,1579336070.33,0.34,0.2674,0.53,0.2493,1
model-1579336059,1579336070.49,0.5,0.2491,0.47,0.2536,1
model-1579336059,1579336070.633,0.46,0.2521,0.47,0.2525,1
model-1579336059,1579336070.777,0.56,0.2446,0.47,0.2519,1
model-1579336059,1579336070.919,0.5,0.2484,0.44,0.2496,1
model-1579336059,1579336071.036,0.54,0.2474,0.47,0.2484,1
model-1579336059,1579336071.195,0.68,0.2396,0.44,0.2506,2
model-1579336059,1579336071.357,0.56,0.2419,0.47,0.2548,2
model-1579336059,1579336071.517,0.6,0.239,0.47,0.2622,2
model-1579336059,1579336071.673,0.4,0.2672,0.47,0.2578,2
model-1579336059,1579336071.815,0.42,0.2583,0.44,0.2485,2
model-1579336059,1579336071.975,0.6,0.2454,0.53,0.245,2
model-1579336059,1579336072.136,0.6,0.2445,0.53,0.2444,2
model-1579336059,1579336072.297,0.64,0.2452,0.59,0.2447,2
model-1579336059,1579336072.455,0.56,0.246,0.66,0.2449,2
model-1579336059,1579336072.598,0.64,0.246,0.69,0.2443,2
model-1579336059,1579336072.74,0.58,0.2457,0.72,0.2435,2
model-1579336059,1579336072.882,0.5,0.2519,0.72,0.2431,2
model-1579336059,1579336073.033,0.68,0.2434,0.66,0.2422,2
model-1579336059,1579336073.195,0.62,0.2425,0.62,0.241,2
model-1579336059,1579336073.355,0.58,0.2422,0.59,0.2401,2
model-1579336059,1579336073.505,0.58,0.244,0.62,0.2385,2
model-1579336059,1579336073.655,0.54,0.2493,0.69,0.237,2
model-1579336059,1579336073.813,0.58,0.2381,0.69,0.2355,2
model-1579336059,1579336073.966,0.44,0.2516,0.59,0.237,2
model-1579336059,1579336074.109,0.66,0.2284,0.62,0.2345,2
model-1579336059,1579336074.251,0.58,0.2406,0.72,0.232,2
model-1579336059,1579336074.4,0.62,0.2422,0.69,0.2315,2
model-1579336059,1579336074.558,0.62,0.2345,0.59,0.2361,2
model-1579336059,1579336074.707,0.58,0.2503,0.62,0.2351,2
model-1579336059,1579336074.857,0.62,0.2222,0.69,0.2284,2
model-1579336059,1579336075.017,0.7,0.2264,0.66,0.2271,2
model-1579336059,1579336075.177,0.6,0.2327,0.47,0.2684,2
model-1579336059,1579336075.335,0.5,0.2822,0.5,0.2456,2
model-1579336059,1579336075.496,0.54,0.2432,0.56,0.2298,2
model-1579336059,1579336075.653,0.64,0.2215,0.72,0.2282,2
model-1579336059,1579336075.796,0.48,0.2522,0.66,0.2318,2
model-1579336059,1579336075.941,0.5,0.2565,0.66,0.232,2
model-1579336059,1579336076.082,0.58,0.2313,0.72,0.2331,2
model-1579336059,1579336076.226,0.7,0.2208,0.69,0.2333,2
model-1579336059,1579336076.37,0.62,0.232,0.72,0.2332,2
model-1579336059,1579336076.513,0.62,0.2368,0.69,0.2328,2
model-1579336059,1579336076.631,0.57,0.2332,0.62,0.2328,2
model-1579336059,1579336076.778,0.66,0.2294,0.53,0.2344,3
model-1579336059,1579336076.937,0.7,0.2138,0.59,0.2376,3
model-1579336059,1579336077.096,0.62,0.2246,0.47,0.245,3
model-1579336059,1579336077.258,0.54,0.2348,0.53,0.2423,3
model-1579336059,1579336077.415,0.62,0.2116,0.53,0.2277,3
model-1579336059,1579336077.574,0.58,0.2404,0.69,0.2222,3
model-1579336059,1579336077.726,0.76,0.1906,0.69,0.2188,3
model-1579336059,1579336077.868,0.54,0.243,0.69,0.2189,3
model-1579336059,1579336078.012,0.68,0.1945,0.69,0.2194,3
model-1579336059,1579336078.154,0.72,0.2013,0.62,0.2242,3
model-1579336059,1579336078.297,0.62,0.2185,0.66,0.2243,3
model-1579336059,1579336078.44,0.64,0.2372,0.66,0.2255,3
model-1579336059,1579336078.587,0.72,0.1793,0.72,0.2159,3
model-1579336059,1579336078.73,0.66,0.2228,0.72,0.2158,3
model-1579336059,1579336078.873,0.74,0.1974,0.66,0.22,3
model-1579336059,1579336079.032,0.62,0.2386,0.66,0.2288,3
model-1579336059,1579336079.193,0.74,0.1753,0.69,0.2213,3
model-1579336059,1579336079.354,0.66,0.1965,0.69,0.2216,3
model-1579336059,1579336079.511,0.7,0.2031,0.69,0.2151,3
model-1579336059,1579336079.654,0.72,0.2024,0.69,0.2112,3
model-1579336059,1579336079.798,0.78,0.1591,0.72,0.2096,3
model-1579336059,1579336079.941,0.66,0.2075,0.75,0.2152,3
model-1579336059,1579336080.085,0.7,0.2018,0.62,0.2278,3
model-1579336059,1579336080.228,0.68,0.2347,0.72,0.2169,3
model-1579336059,1579336080.372,0.7,0.1845,0.66,0.2117,3
model-1579336059,1579336080.514,0.74,0.1614,0.59,0.236,3
model-1579336059,1579336080.656,0.76,0.1679,0.47,0.2807,3
model-1579336059,1579336080.803,0.58,0.2291,0.56,0.2536,3
model-1579336059,1579336080.956,0.72,0.1717,0.66,0.2201,3
model-1579336059,1579336081.1,0.66,0.1894,0.72,0.2225,3
model-1579336059,1579336081.254,0.6,0.2425,0.69,0.2295,3
model-1579336059,1579336081.397,0.54,0.2295,0.69,0.2188,3
model-1579336059,1579336081.54,0.74,0.185,0.62,0.2185,3
model-1579336059,1579336081.682,0.78,0.1789,0.62,0.2231,3
model-1579336059,1579336081.825,0.76,0.1756,0.59,0.2291,3
model-1579336059,1579336081.969,0.7,0.2224,0.59,0.2331,3
model-1579336059,1579336082.087,0.69,0.2295,0.53,0.2384,3
model-1579336059,1579336082.232,0.82,0.1664,0.47,0.2461,4
model-1579336059,1579336082.375,0.8,0.1481,0.44,0.2512,4
model-1579336059,1579336082.517,0.6,0.2645,0.44,0.254,4
model-1579336059,1579336082.66,0.7,0.1794,0.47,0.2489,4
model-1579336059,1579336082.806,0.7,0.1645,0.59,0.2389,4
model-1579336059,1579336082.951,0.74,0.1686,0.59,0.2364,4
model-1579336059,1579336083.093,0.78,0.1546,0.59,0.2386,4
model-1579336059,1579336083.24,0.72,0.1927,0.59,0.2428,4
model-1579336059,1579336083.383,0.8,0.1533,0.56,0.2433,4
model-1579336059,1579336083.526,0.78,0.1524,0.56,0.2458,4
model-1579336059,1579336083.669,0.82,0.1688,0.62,0.244,4
model-1579336059,1579336083.812,0.66,0.195,0.62,0.2494,4
model-1579336059,1579336083.955,0.8,0.1343,0.66,0.2418,4
model-1579336059,1579336084.099,0.76,0.1581,0.62,0.2604,4
model-1579336059,1579336084.241,0.76,0.1539,0.56,0.2784,4
model-1579336059,1579336084.384,0.6,0.2488,0.56,0.2737,4
model-1579336059,1579336084.526,0.74,0.1773,0.69,0.2475,4
model-1579336059,1579336084.669,0.76,0.1773,0.66,0.2419,4
model-1579336059,1579336084.819,0.72,0.1861,0.62,0.2404,4
model-1579336059,1579336084.98,0.78,0.1424,0.62,0.2425,4
model-1579336059,1579336085.14,0.74,0.1576,0.62,0.2445,4
model-1579336059,1579336085.3,0.8,0.1612,0.59,0.2445,4
model-1579336059,1579336085.451,0.74,0.1653,0.62,0.2391,4
model-1579336059,1579336085.594,0.7,0.1895,0.66,0.235,4
model-1579336059,1579336085.736,0.88,0.1262,0.66,0.2346,4
model-1579336059,1579336085.879,0.82,0.1396,0.62,0.2436,4
model-1579336059,1579336086.021,0.78,0.1525,0.5,0.2839,4
model-1579336059,1579336086.164,0.8,0.1456,0.59,0.2692,4
model-1579336059,1579336086.306,0.86,0.1125,0.62,0.2461,4
model-1579336059,1579336086.448,0.72,0.1614,0.75,0.2139,4
model-1579336059,1579336086.59,0.66,0.2141,0.72,0.2155,4
model-1579336059,1579336086.735,0.68,0.1937,0.62,0.2594,4
model-1579336059,1579336086.88,0.76,0.1717,0.59,0.2726,4
model-1579336059,1579336087.025,0.78,0.1669,0.59,0.2607,4
model-1579336059,1579336087.171,0.82,0.1462,0.62,0.2417,4
model-1579336059,1579336087.324,0.76,0.1731,0.75,0.2196,4
model-1579336059,1579336087.441,0.71,0.2019,0.72,0.2113,4
model-1579336059,1579336087.588,0.8,0.151,0.75,0.2154,5
model-1579336059,1579336087.733,0.84,0.1196,0.72,0.225,5
model-1579336059,1579336087.876,0.66,0.2448,0.56,0.2396,5
model-1579336059,1579336088.018,0.8,0.1295,0.59,0.2367,5
model-1579336059,1579336088.161,0.74,0.1452,0.69,0.2253,5
model-1579336059,1579336088.306,0.78,0.1565,0.69,0.2314,5
model-1579336059,1579336088.449,0.84,0.1274,0.56,0.2451,5
model-1579336059,1579336088.591,0.72,0.166,0.59,0.2397,5
model-1579336059,1579336088.734,0.84,0.1368,0.69,0.2244,5
model-1579336059,1579336088.877,0.8,0.1145,0.66,0.2176,5
model-1579336059,1579336089.019,0.82,0.1254,0.69,0.2161,5
model-1579336059,1579336089.161,0.7,0.178,0.69,0.223,5
model-1579336059,1579336089.304,0.84,0.1077,0.69,0.222,5
model-1579336059,1579336089.447,0.8,0.1304,0.69,0.2297,5
model-1579336059,1579336089.59,0.82,0.1265,0.69,0.2346,5
model-1579336059,1579336089.732,0.68,0.2154,0.69,0.2308,5
model-1579336059,1579336089.875,0.78,0.1372,0.69,0.2252,5
model-1579336059,1579336090.018,0.74,0.1585,0.66,0.2347,5
model-1579336059,1579336090.161,0.74,0.1632,0.62,0.2337,5
model-1579336059,1579336090.303,0.82,0.1309,0.59,0.2289,5
model-1579336059,1579336090.447,0.82,0.1185,0.62,0.2255,5
model-1579336059,1579336090.59,0.76,0.1602,0.66,0.226,5
model-1579336059,1579336090.732,0.82,0.1344,0.62,0.226,5
model-1579336059,1579336090.874,0.78,0.1787,0.56,0.2474,5
model-1579336059,1579336091.017,0.84,0.1096,0.56,0.2672,5
model-1579336059,1579336091.161,0.8,0.1179,0.59,0.2699,5
model-1579336059,1579336091.304,0.82,0.1234,0.59,0.2661,5
model-1579336059,1579336091.447,0.88,0.1035,0.72,0.2214,5
model-1579336059,1579336091.594,0.86,0.0985,0.72,0.2141,5
model-1579336059,1579336091.736,0.84,0.1394,0.72,0.212,5
model-1579336059,1579336091.879,0.74,0.166,0.66,0.2389,5
model-1579336059,1579336092.021,0.8,0.127,0.59,0.2862,5
model-1579336059,1579336092.164,0.76,0.1876,0.62,0.2605,5
model-1579336059,1579336092.312,0.82,0.1424,0.72,0.2197,5
model-1579336059,1579336092.471,0.88,0.1164,0.72,0.2031,5
model-1579336059,1579336092.629,0.86,0.135,0.72,0.2012,5
model-1579336059,1579336092.759,0.8,0.1849,0.72,0.2035,5
model-1579336059,1579336092.905,0.86,0.1203,0.72,0.2227,6
model-1579336059,1579336093.049,0.84,0.1066,0.59,0.243,6
model-1579336059,1579336093.192,0.62,0.2196,0.53,0.2634,6
model-1579336059,1579336093.335,0.64,0.1788,0.59,0.2403,6
model-1579336059,1579336093.485,0.7,0.1467,0.69,0.2071,6
model-1579336059,1579336093.642,0.84,0.1349,0.75,0.1954,6
model-1579336059,1579336093.797,0.84,0.1194,0.75,0.1915,6
model-1579336059,1579336093.952,0.86,0.1335,0.75,0.1903,6
model-1579336059,1579336094.108,0.9,0.1059,0.75,0.1893,6
model-1579336059,1579336094.262,0.88,0.0965,0.72,0.1936,6
model-1579336059,1579336094.416,0.92,0.0933,0.72,0.1992,6
model-1579336059,1579336094.568,0.76,0.151,0.72,0.2044,6
model-1579336059,1579336094.714,0.86,0.0938,0.75,0.197,6
model-1579336059,1579336094.86,0.84,0.1231,0.75,0.1983,6
model-1579336059,1579336095.002,0.84,0.1099,0.75,0.2021,6
model-1579336059,1579336095.149,0.74,0.1993,0.69,0.2114,6
model-1579336059,1579336095.291,0.82,0.1226,0.69,0.2262,6
model-1579336059,1579336095.437,0.76,0.1472,0.66,0.2478,6
model-1579336059,1579336095.585,0.76,0.1684,0.66,0.2465,6
model-1579336059,1579336095.729,0.82,0.1259,0.66,0.2146,6
model-1579336059,1579336095.878,0.82,0.1056,0.72,0.1975,6
model-1579336059,1579336096.022,0.76,0.1381,0.78,0.2018,6
model-1579336059,1579336096.165,0.86,0.1168,0.69,0.2024,6
model-1579336059,1579336096.311,0.82,0.1376,0.62,0.2201,6
model-1579336059,1579336096.458,0.86,0.1027,0.59,0.2445,6
model-1579336059,1579336096.601,0.86,0.1022,0.5,0.2587,6
model-1579336059,1579336096.747,0.8,0.1244,0.5,0.2568,6
model-1579336059,1579336096.891,0.8,0.1207,0.69,0.2216,6
model-1579336059,1579336097.033,0.94,0.0738,0.69,0.199,6
model-1579336059,1579336097.181,0.84,0.1168,0.72,0.1881,6
model-1579336059,1579336097.325,0.8,0.1507,0.72,0.1888,6
model-1579336059,1579336097.468,0.82,0.1211,0.69,0.1882,6
model-1579336059,1579336097.61,0.88,0.104,0.72,0.1939,6
model-1579336059,1579336097.757,0.86,0.1037,0.72,0.197,6
model-1579336059,1579336097.916,0.92,0.0877,0.72,0.1957,6
model-1579336059,1579336098.077,0.82,0.1302,0.72,0.1905,6
model-1579336059,1579336098.208,0.8,0.1464,0.78,0.1906,6
model-1579336059,1579336098.373,0.9,0.109,0.75,0.1893,7
model-1579336059,1579336098.528,0.86,0.1034,0.72,0.1925,7
model-1579336059,1579336098.688,0.74,0.1983,0.69,0.219,7
model-1579336059,1579336098.847,0.8,0.1163,0.66,0.2136,7
model-1579336059,1579336099.005,0.78,0.118,0.75,0.1959,7
model-1579336059,1579336099.159,0.86,0.1186,0.75,0.1935,7
model-1579336059,1579336099.302,0.86,0.0838,0.75,0.1928,7
model-1579336059,1579336099.445,0.84,0.1202,0.78,0.1893,7
model-1579336059,1579336099.597,0.92,0.0993,0.75,0.1874,7
model-1579336059,1579336099.758,0.88,0.0842,0.72,0.1885,7
model-1579336059,1579336099.918,0.9,0.0825,0.75,0.1874,7
model-1579336059,1579336100.075,0.84,0.1179,0.75,0.1843,7
model-1579336059,1579336100.228,0.96,0.0621,0.78,0.1852,7
model-1579336059,1579336100.383,0.84,0.1083,0.75,0.1891,7
model-1579336059,1579336100.538,0.88,0.0985,0.78,0.1849,7
model-1579336059,1579336100.681,0.76,0.1621,0.75,0.1852,7
model-1579336059,1579336100.825,0.84,0.1157,0.72,0.2082,7
model-1579336059,1579336100.967,0.84,0.1393,0.66,0.2354,7
model-1579336059,1579336101.109,0.78,0.1658,0.62,0.2338,7
model-1579336059,1579336101.269,0.82,0.1258,0.75,0.1989,7
model-1579336059,1579336101.428,0.84,0.0991,0.72,0.1757,7
model-1579336059,1579336101.589,0.86,0.1178,0.75,0.2039,7
model-1579336059,1579336101.746,0.88,0.1142,0.72,0.2266,7
model-1579336059,1579336101.904,0.8,0.162,0.75,0.2007,7
model-1579336059,1579336102.065,0.86,0.1049,0.72,0.1827,7
model-1579336059,1579336102.225,0.86,0.1116,0.69,0.2014,7
model-1579336059,1579336102.385,0.84,0.1101,0.59,0.2548,7
model-1579336059,1579336102.531,0.86,0.1139,0.56,0.2832,7
model-1579336059,1579336102.675,0.88,0.0936,0.56,0.279,7
model-1579336059,1579336102.817,0.7,0.187,0.62,0.2251,7
model-1579336059,1579336102.96,0.78,0.138,0.75,0.1928,7
model-1579336059,1579336103.103,0.84,0.1018,0.75,0.1836,7
model-1579336059,1579336103.246,0.78,0.1186,0.69,0.1875,7
model-1579336059,1579336103.388,0.82,0.1138,0.69,0.1897,7
model-1579336059,1579336103.53,0.86,0.0975,0.69,0.188,7
model-1579336059,1579336103.672,0.88,0.1133,0.75,0.1876,7
model-1579336059,1579336103.789,0.74,0.1539,0.72,0.1859,7
model-1579336059,1579336103.933,0.82,0.1342,0.75,0.1823,8
model-1579336059,1579336104.076,0.86,0.1032,0.75,0.189,8
model-1579336059,1579336104.218,0.78,0.1748,0.69,0.2151,8
model-1579336059,1579336104.361,0.84,0.0914,0.62,0.2412,8
model-1579336059,1579336104.504,0.78,0.135,0.62,0.2455,8
model-1579336059,1579336104.646,0.86,0.0993,0.62,0.2454,8
model-1579336059,1579336104.788,0.88,0.0972,0.66,0.229,8
model-1579336059,1579336104.931,0.82,0.1334,0.75,0.1927,8
model-1579336059,1579336105.074,0.92,0.076,0.72,0.1796,8
model-1579336059,1579336105.218,0.94,0.065,0.78,0.1802,8
model-1579336059,1579336105.361,0.9,0.0809,0.78,0.1809,8
model-1579336059,1579336105.504,0.84,0.1022,0.78,0.1786,8
model-1579336059,1579336105.647,1.0,0.0451,0.75,0.1819,8
model-1579336059,1579336105.79,0.92,0.0819,0.72,0.1879,8
model-1579336059,1579336105.933,0.84,0.1158,0.78,0.182,8
model-1579336059,1579336106.077,0.8,0.138,0.78,0.1849,8
model-1579336059,1579336106.219,0.84,0.1132,0.75,0.1875,8
model-1579336059,1579336106.361,0.8,0.1359,0.78,0.1821,8
model-1579336059,1579336106.503,0.82,0.141,0.81,0.182,8
model-1579336059,1579336106.646,0.9,0.0727,0.72,0.1948,8
model-1579336059,1579336106.788,0.84,0.0929,0.72,0.2008,8
model-1579336059,1579336106.933,0.86,0.1184,0.69,0.1943,8
model-1579336059,1579336107.086,0.92,0.0709,0.75,0.1934,8
model-1579336059,1579336107.23,0.9,0.0815,0.72,0.1956,8
model-1579336059,1579336107.378,0.92,0.0681,0.72,0.1982,8
model-1579336059,1579336107.53,0.84,0.1128,0.75,0.1974,8
model-1579336059,1579336107.678,0.88,0.1193,0.69,0.2058,8
model-1579336059,1579336107.823,0.88,0.0679,0.69,0.2101,8
model-1579336059,1579336107.965,0.92,0.0541,0.72,0.2144,8
model-1579336059,1579336108.111,0.84,0.1151,0.72,0.2035,8
model-1579336059,1579336108.258,0.84,0.0929,0.69,0.1882,8
model-1579336059,1579336108.401,0.9,0.0569,0.75,0.1768,8
model-1579336059,1579336108.543,0.84,0.0952,0.72,0.1722,8
model-1579336059,1579336108.686,0.9,0.0692,0.75,0.1873,8
model-1579336059,1579336108.829,0.94,0.0624,0.69,0.1998,8
model-1579336059,1579336108.975,0.92,0.0746,0.69,0.2095,8
model-1579336059,1579336109.093,0.83,0.1199,0.69,0.1966,8
model-1579336059,1579336109.24,0.88,0.1078,0.72,0.17,9
model-1579336059,1579336109.383,0.88,0.1028,0.84,0.16,9
model-1579336059,1579336109.526,0.82,0.124,0.72,0.1784,9
model-1579336059,1579336109.668,0.86,0.081,0.72,0.1872,9
model-1579336059,1579336109.813,0.8,0.1022,0.72,0.1763,9
model-1579336059,1579336109.955,0.9,0.0708,0.78,0.1696,9
model-1579336059,1579336110.098,0.9,0.0754,0.81,0.158,9
model-1579336059,1579336110.243,0.92,0.0732,0.78,0.1465,9
model-1579336059,1579336110.386,0.94,0.0669,0.84,0.149,9
model-1579336059,1579336110.528,0.94,0.0402,0.78,0.1495,9
model-1579336059,1579336110.672,0.92,0.0582,0.78,0.1521,9
model-1579336059,1579336110.814,0.94,0.0732,0.78,0.1499,9
model-1579336059,1579336110.957,0.98,0.0386,0.78,0.1524,9
model-1579336059,1579336111.1,0.92,0.0746,0.81,0.1541,9
model-1579336059,1579336111.245,0.92,0.0668,0.81,0.1548,9
model-1579336059,1579336111.392,0.84,0.1066,0.84,0.1531,9
model-1579336059,1579336111.535,0.9,0.0787,0.84,0.1519,9
model-1579336059,1579336111.678,0.88,0.0892,0.88,0.1502,9
model-1579336059,1579336111.821,0.84,0.1095,0.91,0.1465,9
model-1579336059,1579336111.963,0.94,0.0466,0.84,0.1453,9
model-1579336059,1579336112.106,0.92,0.0697,0.84,0.1548,9
model-1579336059,1579336112.249,0.88,0.0695,0.72,0.1784,9
model-1579336059,1579336112.393,0.94,0.0631,0.72,0.189,9
model-1579336059,1579336112.539,0.92,0.0647,0.75,0.1782,9
model-1579336059,1579336112.682,0.94,0.0376,0.78,0.1658,9
model-1579336059,1579336112.824,0.92,0.0566,0.78,0.1622,9
model-1579336059,1579336112.967,0.88,0.098,0.72,0.1838,9
model-1579336059,1579336113.111,0.92,0.0587,0.72,0.1913,9
model-1579336059,1579336113.254,0.98,0.0359,0.72,0.1914,9
model-1579336059,1579336113.396,0.88,0.0775,0.72,0.1762,9
model-1579336059,1579336113.546,0.94,0.0525,0.75,0.1567,9
model-1579336059,1579336113.705,1.0,0.022,0.84,0.1461,9
model-1579336059,1579336113.857,0.9,0.0739,0.84,0.1408,9
model-1579336059,1579336113.999,0.98,0.0355,0.78,0.1546,9
model-1579336059,1579336114.143,0.98,0.0392,0.72,0.1699,9
model-1579336059,1579336114.286,0.94,0.0537,0.72,0.1869,9
model-1579336059,1579336114.414,0.89,0.0941,0.72,0.188,9
model-1579336059,1579336114.574,0.92,0.072,0.81,0.1642,10
model-1579336059,1579336114.732,0.92,0.0718,0.81,0.1491,10
model-1579336059,1579336114.882,0.86,0.1022,0.78,0.1429,10
model-1579336059,1579336115.024,0.96,0.041,0.84,0.1551,10
model-1579336059,1579336115.167,0.9,0.0795,0.84,0.1617,10
model-1579336059,1579336115.317,0.92,0.0571,0.84,0.1605,10
model-1579336059,1579336115.477,0.92,0.0708,0.75,0.1484,10
model-1579336059,1579336115.634,0.96,0.054,0.78,0.1376,10
model-1579336059,1579336115.778,0.94,0.0439,0.84,0.1449,10
model-1579336059,1579336115.921,0.96,0.0394,0.81,0.1552,10
model-1579336059,1579336116.064,0.9,0.0716,0.84,0.1536,10
model-1579336059,1579336116.215,0.94,0.074,0.88,0.1437,10
model-1579336059,1579336116.374,0.96,0.0305,0.81,0.1446,10
model-1579336059,1579336116.525,0.92,0.0633,0.81,0.1497,10
model-1579336059,1579336116.667,0.94,0.0538,0.81,0.152,10
model-1579336059,1579336116.81,0.9,0.0854,0.81,0.1564,10
model-1579336059,1579336116.958,0.96,0.0438,0.78,0.1605,10
model-1579336059,1579336117.117,0.88,0.0714,0.81,0.155,10
model-1579336059,1579336117.268,0.88,0.0803,0.81,0.148,10
model-1579336059,1579336117.411,0.96,0.0303,0.81,0.1458,10
model-1579336059,1579336117.553,0.92,0.0572,0.84,0.1444,10
model-1579336059,1579336117.696,0.92,0.0705,0.84,0.1479,10
model-1579336059,1579336117.838,0.98,0.0362,0.81,0.1613,10
model-1579336059,1579336117.98,0.96,0.0471,0.75,0.1863,10
model-1579336059,1579336118.122,0.98,0.0243,0.75,0.201,10
model-1579336059,1579336118.269,0.96,0.0508,0.75,0.1971,10
model-1579336059,1579336118.426,0.78,0.1208,0.78,0.1572,10
model-1579336059,1579336118.583,0.98,0.0272,0.78,0.1902,10
model-1579336059,1579336118.725,0.96,0.0412,0.72,0.244,10
model-1579336059,1579336118.869,0.94,0.0705,0.69,0.2559,10
model-1579336059,1579336119.01,0.9,0.0898,0.72,0.2337,10
model-1579336059,1579336119.153,0.98,0.0357,0.75,0.2099,10
model-1579336059,1579336119.307,0.9,0.0833,0.78,0.1665,10
model-1579336059,1579336119.464,0.98,0.0344,0.81,0.1608,10
model-1579336059,1579336119.62,0.98,0.0188,0.78,0.1645,10
model-1579336059,1579336119.762,0.96,0.0473,0.72,0.1927,10
model-1579336059,1579336119.879,0.91,0.0824,0.72,0.2157,10
model-1579336059,1579336120.025,0.9,0.0983,0.75,0.1929,11
model-1579336059,1579336120.179,0.88,0.0851,0.78,0.1579,11
model-1579336059,1579336120.337,0.8,0.1319,0.84,0.134,11
model-1579336059,1579336120.49,0.96,0.0299,0.84,0.1277,11
model-1579336059,1579336120.633,0.94,0.0367,0.81,0.1368,11
model-1579336059,1579336120.775,0.98,0.0394,0.75,0.1672,11
model-1579336059,1579336120.925,0.94,0.0707,0.72,0.1761,11
model-1579336059,1579336121.083,0.9,0.083,0.78,0.1518,11
model-1579336059,1579336121.238,0.98,0.0307,0.84,0.1327,11
model-1579336059,1579336121.38,0.98,0.029,0.81,0.1222,11
model-1579336059,1579336121.523,0.84,0.1174,0.88,0.1122,11
model-1579336059,1579336121.677,0.86,0.0863,0.88,0.1079,11
model-1579336059,1579336121.835,0.94,0.0456,0.78,0.1328,11
model-1579336059,1579336121.992,0.94,0.0561,0.75,0.1638,11
model-1579336059,1579336122.138,0.94,0.0553,0.72,0.1796,11
model-1579336059,1579336122.281,0.88,0.0958,0.72,0.1777,11
model-1579336059,1579336122.425,0.96,0.0412,0.78,0.18,11
model-1579336059,1579336122.581,0.88,0.0742,0.78,0.1877,11
model-1579336059,1579336122.74,0.92,0.0659,0.78,0.1902,11
model-1579336059,1579336122.898,0.96,0.0346,0.78,0.1812,11
model-1579336059,1579336123.054,0.92,0.0672,0.75,0.1718,11
model-1579336059,1579336123.196,0.92,0.0616,0.75,0.1688,11
model-1579336059,1579336123.337,0.9,0.0624,0.78,0.1668,11
model-1579336059,1579336123.496,0.96,0.0451,0.78,0.1637,11
model-1579336059,1579336123.653,1.0,0.0187,0.81,0.1609,11
model-1579336059,1579336123.806,0.96,0.0323,0.81,0.1577,11
model-1579336059,1579336123.949,0.98,0.0418,0.84,0.154,11
model-1579336059,1579336124.091,0.94,0.0267,0.78,0.1527,11
model-1579336059,1579336124.234,0.96,0.0362,0.75,0.1656,11
model-1579336059,1579336124.377,0.9,0.0567,0.72,0.197,11
model-1579336059,1579336124.53,0.94,0.0431,0.72,0.2253,11
model-1579336059,1579336124.688,0.96,0.0256,0.69,0.2396,11
model-1579336059,1579336124.842,0.92,0.0752,0.69,0.2146,11
model-1579336059,1579336124.985,0.94,0.054,0.72,0.1862,11
model-1579336059,1579336125.127,0.84,0.0996,0.78,0.1475,11
model-1579336059,1579336125.281,0.92,0.069,0.81,0.1604,11
model-1579336059,1579336125.409,0.89,0.0754,0.81,0.1607,11
model-1579336059,1579336125.568,0.9,0.0702,0.84,0.1444,12
model-1579336059,1579336125.722,0.92,0.0576,0.84,0.143,12
model-1579336059,1579336125.864,0.86,0.1043,0.81,0.1466,12
model-1579336059,1579336126.007,0.98,0.0239,0.81,0.1535,12
model-1579336059,1579336126.149,0.96,0.0437,0.81,0.1583,12
model-1579336059,1579336126.292,0.92,0.0603,0.78,0.173,12
model-1579336059,1579336126.447,0.94,0.0493,0.66,0.2086,12
model-1579336059,1579336126.604,0.88,0.074,0.66,0.2111,12
model-1579336059,1579336126.761,0.98,0.0284,0.69,0.2079,12
model-1579336059,1579336126.904,0.94,0.0581,0.75,0.1979,12
model-1579336059,1579336127.046,0.88,0.0837,0.72,0.1815,12
model-1579336059,1579336127.189,0.9,0.0822,0.78,0.1625,12
model-1579336059,1579336127.344,1.0,0.0089,0.78,0.1616,12
model-1579336059,1579336127.502,0.96,0.0552,0.81,0.1681,12
model-1579336059,1579336127.653,0.94,0.055,0.75,0.176,12
model-1579336059,1579336127.797,0.86,0.0948,0.75,0.1644,12
model-1579336059,1579336127.939,0.92,0.0547,0.84,0.1215,12
model-1579336059,1579336128.082,0.98,0.0293,0.84,0.1182,12
model-1579336059,1579336128.226,0.96,0.0392,0.78,0.1668,12
model-1579336059,1579336128.385,0.94,0.0538,0.75,0.1669,12
model-1579336059,1579336128.541,0.94,0.0347,0.78,0.1505,12
model-1579336059,1579336128.692,0.92,0.0628,0.81,0.1294,12
model-1579336059,1579336128.834,0.96,0.044,0.78,0.1197,12
model-1579336059,1579336128.988,0.94,0.0489,0.78,0.13,12
model-1579336059,1579336129.145,1.0,0.0088,0.81,0.1578,12
model-1579336059,1579336129.298,0.98,0.0275,0.81,0.1632,12
model-1579336059,1579336129.44,0.96,0.0489,0.81,0.1564,12
model-1579336059,1579336129.583,0.94,0.0457,0.81,0.1426,12
model-1579336059,1579336129.725,0.92,0.0447,0.81,0.1265,12
model-1579336059,1579336129.875,0.96,0.0398,0.78,0.1278,12
model-1579336059,1579336130.033,0.96,0.032,0.72,0.1642,12
model-1579336059,1579336130.186,1.0,0.0063,0.69,0.2109,12
model-1579336059,1579336130.329,0.96,0.0349,0.66,0.2293,12
model-1579336059,1579336130.472,0.96,0.0301,0.66,0.2155,12
model-1579336059,1579336130.614,0.94,0.0571,0.69,0.1723,12
model-1579336059,1579336130.767,0.82,0.1201,0.84,0.1146,12
model-1579336059,1579336130.895,0.86,0.0725,0.84,0.1169,12
model-1579336059,1579336131.055,0.92,0.0708,0.81,0.1398,13
model-1579336059,1579336131.2,0.96,0.0419,0.78,0.1698,13
model-1579336059,1579336131.343,0.84,0.1083,0.78,0.1716,13
model-1579336059,1579336131.485,0.92,0.0435,0.78,0.1522,13
model-1579336059,1579336131.639,0.94,0.05,0.84,0.1215,13
model-1579336059,1579336131.797,0.9,0.0564,0.88,0.0976,13
model-1579336059,1579336131.951,0.94,0.04,0.78,0.1192,13
model-1579336059,1579336132.095,0.96,0.0298,0.75,0.1574,13
model-1579336059,1579336132.238,0.98,0.0223,0.69,0.1812,13
model-1579336059,1579336132.388,0.92,0.0654,0.66,0.1912,13
model-1579336059,1579336132.545,0.82,0.1328,0.72,0.1789,13
model-1579336059,1579336132.698,0.84,0.1176,0.78,0.1546,13
model-1579336059,1579336132.841,0.98,0.0371,0.78,0.1557,13
model-1579336059,1579336132.983,0.96,0.0387,0.66,0.2197,13
model-1579336059,1579336133.131,0.88,0.0575,0.66,0.2446,13
model-1579336059,1579336133.289,0.9,0.0841,0.66,0.2359,13
model-1579336059,1579336133.443,0.88,0.0847,0.69,0.1924,13
model-1579336059,1579336133.585,0.9,0.0715,0.75,0.1485,13
model-1579336059,1579336133.728,0.88,0.0634,0.78,0.121,13
model-1579336059,1579336133.873,0.96,0.0296,0.84,0.112,13
model-1579336059,1579336134.031,0.98,0.0217,0.81,0.1166,13
model-1579336059,1579336134.189,0.98,0.0374,0.81,0.1293,13
model-1579336059,1579336134.333,0.9,0.0604,0.88,0.1253,13
model-1579336059,1579336134.475,0.9,0.0632,0.84,0.1113,13
model-1579336059,1579336134.617,0.92,0.0487,0.91,0.0975,13
model-1579336059,1579336134.759,0.96,0.0311,0.81,0.099,13
model-1579336059,1579336134.902,0.98,0.0318,0.81,0.1142,13
model-1579336059,1579336135.045,1.0,0.0126,0.78,0.1327,13
model-1579336059,1579336135.188,0.98,0.0407,0.78,0.1386,13
model-1579336059,1579336135.333,0.92,0.0601,0.78,0.1287,13
model-1579336059,1579336135.49,0.9,0.0598,0.81,0.1116,13
model-1579336059,1579336135.648,0.92,0.0542,0.78,0.1064,13
model-1579336059,1579336135.797,1.0,0.0067,0.78,0.1408,13
model-1579336059,1579336135.939,1.0,0.0104,0.75,0.1935,13
model-1579336059,1579336136.094,0.98,0.0319,0.75,0.1974,13
model-1579336059,1579336136.252,0.92,0.0663,0.75,0.1751,13
model-1579336059,1579336136.38,0.97,0.0228,0.81,0.1534,13
model-1579336059,1579336136.525,0.96,0.044,0.81,0.1353,14
model-1579336059,1579336136.668,0.9,0.0593,0.78,0.1127,14
model-1579336059,1579336136.811,0.94,0.0564,0.81,0.0997,14
model-1579336059,1579336136.968,0.98,0.0152,0.81,0.1011,14
model-1579336059,1579336137.126,0.98,0.025,0.81,0.1107,14
model-1579336059,1579336137.283,1.0,0.0072,0.78,0.1186,14
model-1579336059,1579336137.426,0.98,0.0208,0.78,0.1251,14
model-1579336059,1579336137.568,1.0,0.02,0.75,0.1266,14
model-1579336059,1579336137.711,0.96,0.0289,0.78,0.1259,14
model-1579336059,1579336137.854,1.0,0.0109,0.78,0.1238,14
model-1579336059,1579336138.006,1.0,0.0081,0.84,0.1211,14
model-1579336059,1579336138.165,0.98,0.0215,0.84,0.1181,14
model-1579336059,1579336138.323,1.0,0.0048,0.84,0.118,14
model-1579336059,1579336138.48,0.96,0.0369,0.84,0.1186,14
model-1579336059,1579336138.626,0.98,0.0233,0.84,0.1177,14
model-1579336059,1579336138.77,0.94,0.0532,0.88,0.1183,14
model-1579336059,1579336138.912,0.98,0.0095,0.81,0.1264,14
model-1579336059,1579336139.055,0.98,0.0195,0.78,0.1374,14
model-1579336059,1579336139.208,1.0,0.0152,0.78,0.1462,14
model-1579336059,1579336139.366,0.98,0.0146,0.78,0.1453,14
model-1579336059,1579336139.52,0.96,0.0429,0.81,0.1284,14
model-1579336059,1579336139.663,0.96,0.0395,0.84,0.1126,14
model-1579336059,1579336139.804,0.98,0.0207,0.88,0.1002,14
model-1579336059,1579336139.947,1.0,0.0072,0.91,0.0959,14
model-1579336059,1579336140.091,1.0,0.0017,0.91,0.0969,14
model-1579336059,1579336140.234,1.0,0.0091,0.88,0.0996,14
model-1579336059,1579336140.376,0.98,0.0247,0.88,0.0999,14
model-1579336059,1579336140.519,1.0,0.0087,0.84,0.1013,14
model-1579336059,1579336140.661,0.98,0.0104,0.81,0.1034,14
model-1579336059,1579336140.804,0.98,0.0236,0.81,0.1054,14
model-1579336059,1579336140.956,0.98,0.0117,0.81,0.1073,14
model-1579336059,1579336141.113,0.98,0.0078,0.81,0.1124,14
model-1579336059,1579336141.267,1.0,0.0061,0.78,0.1187,14
model-1579336059,1579336141.41,1.0,0.0022,0.75,0.1242,14
model-1579336059,1579336141.553,1.0,0.0079,0.75,0.1292,14
model-1579336059,1579336141.709,1.0,0.0091,0.78,0.1326,14
model-1579336059,1579336141.839,1.0,0.0032,0.78,0.1359,14
model-1579336059,1579336141.994,0.96,0.0253,0.75,0.1392,15
model-1579336059,1579336142.137,0.94,0.0474,0.78,0.1271,15
model-1579336059,1579336142.279,0.98,0.0236,0.84,0.1134,15
model-1579336059,1579336142.422,1.0,0.0109,0.84,0.1019,15
model-1579336059,1579336142.564,0.98,0.008,0.88,0.0976,15
model-1579336059,1579336142.706,1.0,0.0031,0.88,0.0979,15
model-1579336059,1579336142.857,1.0,0.0019,0.88,0.0996,15
model-1579336059,1579336143.015,1.0,0.0122,0.88,0.1018,15
model-1579336059,1579336143.168,0.98,0.0217,0.84,0.1033,15
model-1579336059,1579336143.31,0.98,0.0075,0.84,0.1035,15
model-1579336059,1579336143.452,0.98,0.0086,0.84,0.105,15
model-1579336059,1579336143.603,0.98,0.0193,0.84,0.105,15
model-1579336059,1579336143.76,1.0,0.0013,0.81,0.1057,15
model-1579336059,1579336143.916,0.98,0.0215,0.81,0.1076,15
model-1579336059,1579336144.059,0.98,0.0164,0.84,0.11,15
model-1579336059,1579336144.201,0.98,0.0238,0.84,0.1128,15
model-1579336059,1579336144.344,1.0,0.0014,0.88,0.1158,15
model-1579336059,1579336144.488,1.0,0.0063,0.88,0.1188,15
model-1579336059,1579336144.645,1.0,0.0086,0.81,0.1249,15
model-1579336059,1579336144.803,1.0,0.0022,0.81,0.1324,15
model-1579336059,1579336144.951,1.0,0.005,0.81,0.1382,15
model-1579336059,1579336145.093,0.98,0.0216,0.78,0.1419,15
model-1579336059,1579336145.236,0.98,0.0209,0.78,0.1425,15
model-1579336059,1579336145.381,1.0,0.0038,0.78,0.142,15
model-1579336059,1579336145.538,1.0,0.0008,0.81,0.1412,15
model-1579336059,1579336145.695,1.0,0.0073,0.78,0.1398,15
model-1579336059,1579336145.842,1.0,0.0033,0.81,0.1363,15
model-1579336059,1579336145.984,1.0,0.0032,0.84,0.1308,15
model-1579336059,1579336146.127,0.98,0.0136,0.84,0.1175,15
model-1579336059,1579336146.272,0.96,0.0279,0.88,0.1005,15
model-1579336059,1579336146.429,1.0,0.0083,0.91,0.0898,15
model-1579336059,1579336146.586,1.0,0.0012,0.91,0.0914,15
model-1579336059,1579336146.729,1.0,0.0008,0.84,0.1002,15
model-1579336059,1579336146.871,1.0,0.0059,0.84,0.1079,15
model-1579336059,1579336147.02,1.0,0.0006,0.84,0.1154,15
model-1579336059,1579336147.177,1.0,0.0029,0.84,0.1223,15
model-1579336059,1579336147.306,0.97,0.0295,0.84,0.1131,15
model-1579336059,1579336147.453,1.0,0.0023,0.84,0.1073,16
model-1579336059,1579336147.595,0.98,0.0213,0.84,0.1047,16
model-1579336059,1579336147.737,0.98,0.007,0.84,0.1059,16
model-1579336059,1579336147.887,1.0,0.0037,0.88,0.1061,16
model-1579336059,1579336148.045,1.0,0.0021,0.88,0.1066,16
model-1579336059,1579336148.198,1.0,0.0009,0.84,0.1078,16
model-1579336059,1579336148.34,1.0,0.0004,0.84,0.1097,16
model-1579336059,1579336148.483,1.0,0.0016,0.88,0.1121,16
model-1579336059,1579336148.64,1.0,0.0015,0.88,0.1143,16
model-1579336059,1579336148.797,1.0,0.0029,0.88,0.116,16
model-1579336059,1579336148.94,1.0,0.0013,0.88,0.1178,16
model-1579336059,1579336149.083,0.98,0.0139,0.88,0.1173,16
model-1579336059,1579336149.225,1.0,0.0004,0.88,0.1182,16
model-1579336059,1579336149.369,0.98,0.0218,0.84,0.1202,16
model-1579336059,1579336149.527,1.0,0.0047,0.81,0.1217,16
model-1579336059,1579336149.685,0.98,0.0204,0.81,0.1232,16
model-1579336059,1579336149.835,1.0,0.0004,0.81,0.1247,16
model-1579336059,1579336149.978,1.0,0.002,0.78,0.1266,16
model-1579336059,1579336150.121,1.0,0.0024,0.78,0.1293,16
model-1579336059,1579336150.273,1.0,0.0017,0.75,0.1334,16
model-1579336059,1579336150.431,1.0,0.0032,0.75,0.1362,16
model-1579336059,1579336150.588,0.98,0.0217,0.78,0.1383,16
model-1579336059,1579336150.733,1.0,0.0053,0.78,0.138,16
model-1579336059,1579336150.877,1.0,0.0015,0.81,0.1373,16
model-1579336059,1579336151.021,1.0,0.0009,0.84,0.136,16
model-1579336059,1579336151.177,1.0,0.0025,0.84,0.1345,16
model-1579336059,1579336151.336,1.0,0.0017,0.84,0.1344,16
model-1579336059,1579336151.481,1.0,0.0012,0.84,0.1348,16
model-1579336059,1579336151.623,1.0,0.0051,0.84,0.1317,16
model-1579336059,1579336151.776,0.98,0.0221,0.84,0.1277,16
model-1579336059,1579336151.935,1.0,0.0065,0.84,0.1219,16
model-1579336059,1579336152.085,1.0,0.0006,0.84,0.1153,16
model-1579336059,1579336152.227,1.0,0.0016,0.88,0.1089,16
model-1579336059,1579336152.37,1.0,0.0016,0.88,0.1048,16
model-1579336059,1579336152.528,1.0,0.0012,0.88,0.102,16
model-1579336059,1579336152.685,1.0,0.0012,0.88,0.1027,16
model-1579336059,1579336152.812,1.0,0.0008,0.88,0.1053,16
model-1579336059,1579336152.958,1.0,0.0041,0.81,0.1135,17
model-1579336059,1579336153.101,0.98,0.0219,0.81,0.1217,17
model-1579336059,1579336153.254,1.0,0.0024,0.78,0.1282,17
model-1579336059,1579336153.412,1.0,0.002,0.78,0.1321,17
model-1579336059,1579336153.568,1.0,0.0032,0.75,0.1276,17
model-1579336059,1579336153.712,1.0,0.0037,0.75,0.1205,17
model-1579336059,1579336153.857,1.0,0.0005,0.78,0.1139,17
model-1579336059,1579336154.012,1.0,0.0078,0.88,0.1021,17
model-1579336059,1579336154.169,1.0,0.0003,0.88,0.0952,17
model-1579336059,1579336154.327,1.0,0.0002,0.88,0.0914,17
model-1579336059,1579336154.47,1.0,0.0005,0.91,0.0894,17
model-1579336059,1579336154.613,1.0,0.0006,0.91,0.0887,17
model-1579336059,1579336154.771,1.0,0.0001,0.91,0.089,17
model-1579336059,1579336154.929,0.98,0.0205,0.91,0.0905,17
model-1579336059,1579336155.073,1.0,0.0013,0.91,0.0934,17
model-1579336059,1579336155.215,0.98,0.0204,0.91,0.0973,17
model-1579336059,1579336155.364,1.0,0.0001,0.88,0.1019,17
model-1579336059,1579336155.521,1.0,0.0003,0.88,0.1069,17
model-1579336059,1579336155.676,1.0,0.0014,0.88,0.1107,17
model-1579336059,1579336155.819,1.0,0.0025,0.88,0.1132,17
model-1579336059,1579336155.962,1.0,0.0009,0.88,0.1149,17
model-1579336059,1579336156.105,0.98,0.0205,0.88,0.1157,17
model-1579336059,1579336156.25,1.0,0.0015,0.88,0.1162,17
model-1579336059,1579336156.408,1.0,0.0009,0.88,0.116,17
model-1579336059,1579336156.566,1.0,0.0002,0.88,0.1159,17
model-1579336059,1579336156.712,1.0,0.0005,0.88,0.1159,17
model-1579336059,1579336156.857,1.0,0.0013,0.88,0.1157,17
model-1579336059,1579336157.015,1.0,0.0005,0.84,0.1154,17
model-1579336059,1579336157.172,1.0,0.0002,0.84,0.1154,17
model-1579336059,1579336157.329,0.98,0.0205,0.84,0.1154,17
model-1579336059,1579336157.473,1.0,0.0016,0.84,0.1156,17
model-1579336059,1579336157.615,1.0,0.0003,0.84,0.1157,17
model-1579336059,1579336157.76,1.0,0.0005,0.84,0.1158,17
model-1579336059,1579336157.92,1.0,0.0004,0.84,0.1156,17
model-1579336059,1579336158.076,1.0,0.0006,0.84,0.1147,17
model-1579336059,1579336158.22,1.0,0.0004,0.84,0.114,17
model-1579336059,1579336158.337,1.0,0.0006,0.88,0.1131,17
model-1579336059,1579336158.483,1.0,0.0006,0.84,0.1119,18
model-1579336059,1579336158.627,0.98,0.0203,0.88,0.1113,18
model-1579336059,1579336158.785,1.0,0.0002,0.88,0.1111,18
model-1579336059,1579336158.942,1.0,0.0003,0.84,0.1112,18
model-1579336059,1579336159.095,1.0,0.0001,0.84,0.1118,18
model-1579336059,1579336159.239,1.0,0.0001,0.84,0.1126,18
model-1579336059,1579336159.381,1.0,0.0002,0.84,0.1135,18
model-1579336059,1579336159.524,1.0,0.0,0.81,0.1145,18
model-1579336059,1579336159.667,1.0,0.0001,0.81,0.1155,18
model-1579336059,1579336159.821,1.0,0.0001,0.81,0.1164,18
model-1579336059,1579336159.979,1.0,0.0019,0.81,0.1158,18
model-1579336059,1579336160.123,1.0,0.0005,0.84,0.1144,18
model-1579336059,1579336160.265,1.0,0.0002,0.84,0.1128,18
model-1579336059,1579336160.409,0.98,0.0205,0.84,0.1111,18
model-1579336059,1579336160.551,1.0,0.0012,0.84,0.1082,18
model-1579336059,1579336160.694,0.98,0.0206,0.84,0.1042,18
model-1579336059,1579336160.836,1.0,0.0002,0.88,0.1011,18
model-1579336059,1579336160.979,1.0,0.0004,0.88,0.0988,18
model-1579336059,1579336161.133,1.0,0.0001,0.88,0.0972,18
model-1579336059,1579336161.29,1.0,0.0003,0.88,0.0963,18
model-1579336059,1579336161.449,1.0,0.0006,0.88,0.0963,18
model-1579336059,1579336161.605,0.98,0.0201,0.88,0.097,18
model-1579336059,1579336161.753,1.0,0.0001,0.88,0.0983,18
model-1579336059,1579336161.896,1.0,0.0008,0.84,0.1012,18
model-1579336059,1579336162.038,1.0,0.0001,0.84,0.1045,18
model-1579336059,1579336162.182,1.0,0.0002,0.84,0.1077,18
model-1579336059,1579336162.324,1.0,0.0001,0.84,0.111,18
model-1579336059,1579336162.467,1.0,0.0002,0.84,0.1139,18
model-1579336059,1579336162.609,1.0,0.0001,0.81,0.1164,18
model-1579336059,1579336162.753,0.98,0.0202,0.81,0.1187,18
model-1579336059,1579336162.895,1.0,0.0005,0.81,0.1199,18
model-1579336059,1579336163.038,1.0,0.0005,0.81,0.1201,18
model-1579336059,1579336163.18,1.0,0.0008,0.81,0.1197,18
model-1579336059,1579336163.323,1.0,0.0004,0.81,0.1186,18
model-1579336059,1579336163.465,1.0,0.0006,0.81,0.1162,18
model-1579336059,1579336163.608,1.0,0.0006,0.84,0.1137,18
model-1579336059,1579336163.725,1.0,0.0004,0.84,0.1112,18
model-1579336059,1579336163.87,1.0,0.0004,0.84,0.1084,19
model-1579336059,1579336164.012,0.98,0.0202,0.84,0.1059,19
model-1579336059,1579336164.155,1.0,0.0002,0.84,0.1039,19
model-1579336059,1579336164.298,1.0,0.0001,0.88,0.1024,19
model-1579336059,1579336164.441,1.0,0.0002,0.88,0.1015,19
model-1579336059,1579336164.583,1.0,0.0,0.88,0.1011,19
model-1579336059,1579336164.726,1.0,0.0001,0.88,0.1011,19
model-1579336059,1579336164.868,1.0,0.0,0.88,0.1014,19
model-1579336059,1579336165.011,1.0,0.0,0.88,0.1018,19
model-1579336059,1579336165.162,1.0,0.0001,0.88,0.1025,19
model-1579336059,1579336165.319,1.0,0.0,0.84,0.1031,19
model-1579336059,1579336165.477,1.0,0.0001,0.84,0.1038,19
model-1579336059,1579336165.621,1.0,0.0001,0.84,0.1044,19
model-1579336059,1579336165.764,0.98,0.0201,0.84,0.105,19
model-1579336059,1579336165.907,1.0,0.0002,0.84,0.1054,19
model-1579336059,1579336166.061,0.98,0.02,0.84,0.1058,19
model-1579336059,1579336166.218,1.0,0.0001,0.84,0.1061,19
model-1579336059,1579336166.368,1.0,0.0002,0.84,0.1063,19
model-1579336059,1579336166.511,1.0,0.0001,0.84,0.1063,19
model-1579336059,1579336166.653,1.0,0.0002,0.84,0.1062,19
model-1579336059,1579336166.796,1.0,0.0004,0.84,0.1058,19
model-1579336059,1579336166.938,0.98,0.0203,0.84,0.1053,19
model-1579336059,1579336167.081,1.0,0.0001,0.84,0.1047,19
model-1579336059,1579336167.225,1.0,0.001,0.84,0.1047,19
model-1579336059,1579336167.384,1.0,0.0001,0.88,0.1052,19
model-1579336059,1579336167.54,1.0,0.0004,0.88,0.106,19
model-1579336059,1579336167.689,1.0,0.0002,0.88,0.1074,19
model-1579336059,1579336167.831,1.0,0.0,0.84,0.1091,19
model-1579336059,1579336167.974,1.0,0.0,0.84,0.1109,19
model-1579336059,1579336168.117,0.98,0.0202,0.84,0.1127,19
model-1579336059,1579336168.261,1.0,0.0002,0.84,0.1145,19
model-1579336059,1579336168.418,1.0,0.0001,0.84,0.116,19
model-1579336059,1579336168.575,1.0,0.0001,0.84,0.1175,19
model-1579336059,1579336168.723,1.0,0.0001,0.84,0.1187,19
model-1579336059,1579336168.867,1.0,0.0001,0.84,0.1197,19
model-1579336059,1579336169.019,1.0,0.0001,0.84,0.1204,19
model-1579336059,1579336169.147,1.0,0.0001,0.84,0.121,19
